android/app/build/intermediates/manifest_merge_blame_file/debug/manifest-merger-blame-debug-report.txt
1<?xml version="1.0" encoding="utf-8"?>
2<manifest xmlns:android="http://schemas.android.com/apk/res/android"
3    package="com.atv6"
4    android:versionCode="1"
5    android:versionName="1.0" >
6
7    <uses-sdk
8        android:minSdkVersion="16"
9        android:targetSdkVersion="29" />
10
11    <uses-permission android:name="android.permission.SYSTEM_ALERT_WINDOW" />
11-->src/debug/AndroidManifest.xml:5:5-77
11-->src/debug/AndroidManifest.xml:5:22-75
12    <uses-permission android:name="android.permission.INTERNET" />
12-->src/main/AndroidManifest.xml:4:5-67
12-->src/main/AndroidManifest.xml:4:22-64
13    <uses-permission android:name="android.permission.ACCESS_WIFI_STATE" /> <!-- Although the *SdkVersion is captured in gradle build files, this is required for non gradle builds -->
13-->[com.facebook.flipper:flipper:0.54.0] AndroidManifest.xml:16:5-76
13-->[com.facebook.flipper:flipper:0.54.0] AndroidManifest.xml:16:22-73
14    <!-- <uses-sdk android:minSdkVersion="14" /> -->
15    <uses-permission android:name="android.permission.ACCESS_NETWORK_STATE" />
15-->[com.google.firebase:firebase-firestore:22.1.1] AndroidManifest.xml:13:5-79
15-->[com.google.firebase:firebase-firestore:22.1.1] AndroidManifest.xml:13:22-76
16
17    <application
17-->src/main/AndroidManifest.xml:6:5-25:19
18        android:name="com.atv6.MainApplication"
18-->src/main/AndroidManifest.xml:7:7-38
19        android:allowBackup="false"
19-->src/main/AndroidManifest.xml:11:7-34
20        android:appComponentFactory="androidx.core.app.CoreComponentFactory"
20-->[androidx.core:core:1.1.0] AndroidManifest.xml:24:18-86
21        android:debuggable="true"
22        android:icon="@mipmap/ic_launcher"
22-->src/main/AndroidManifest.xml:9:7-41
23        android:label="@string/app_name"
23-->src/main/AndroidManifest.xml:8:7-39
24        android:roundIcon="@mipmap/ic_launcher_round"
24-->src/main/AndroidManifest.xml:10:7-52
25        android:theme="@style/AppTheme"
25-->src/main/AndroidManifest.xml:12:7-38
26        android:usesCleartextTraffic="true" >
26-->src/debug/AndroidManifest.xml:7:18-53
27        <activity
27-->src/main/AndroidManifest.xml:13:7-23:18
28            android:name="com.atv6.MainActivity"
28-->src/main/AndroidManifest.xml:14:9-37
29            android:configChanges="keyboard|keyboardHidden|orientation|screenSize|uiMode"
29-->src/main/AndroidManifest.xml:16:9-86
30            android:label="@string/app_name"
30-->src/main/AndroidManifest.xml:15:9-41
31            android:launchMode="singleTask"
31-->src/main/AndroidManifest.xml:17:9-40
32            android:windowSoftInputMode="adjustResize" >
32-->src/main/AndroidManifest.xml:18:9-51
33            <intent-filter>
33-->src/main/AndroidManifest.xml:19:9-22:25
34                <action android:name="android.intent.action.MAIN" />
34-->src/main/AndroidManifest.xml:20:13-65
34-->src/main/AndroidManifest.xml:20:21-62
35
36                <category android:name="android.intent.category.LAUNCHER" />
36-->src/main/AndroidManifest.xml:21:13-73
36-->src/main/AndroidManifest.xml:21:23-70
37            </intent-filter>
38        </activity>
39        <activity android:name="com.facebook.react.devsupport.DevSettingsActivity" />
39-->src/main/AndroidManifest.xml:24:7-84
39-->src/main/AndroidManifest.xml:24:17-81
40
41        <service
41-->[com.google.firebase:firebase-firestore:22.1.1] AndroidManifest.xml:17:9-23:19
42            android:name="com.google.firebase.components.ComponentDiscoveryService"
42-->[com.google.firebase:firebase-firestore:22.1.1] AndroidManifest.xml:18:13-84
43            android:directBootAware="true"
43-->[com.google.firebase:firebase-common:19.5.0] AndroidManifest.xml:35:13-43
44            android:exported="false" >
44-->[com.google.firebase:firebase-firestore:22.1.1] AndroidManifest.xml:19:13-37
45            <meta-data
45-->[com.google.firebase:firebase-firestore:22.1.1] AndroidManifest.xml:20:13-22:85
46                android:name="com.google.firebase.components:com.google.firebase.firestore.FirestoreRegistrar"
46-->[com.google.firebase:firebase-firestore:22.1.1] AndroidManifest.xml:21:17-111
47                android:value="com.google.firebase.components.ComponentRegistrar" />
47-->[com.google.firebase:firebase-firestore:22.1.1] AndroidManifest.xml:22:17-82
48            <!--
49                This registrar is not defined in the dynamic-module-support sdk itself to allow non-firebase
50                clients to use it as well, by defining this registrar in their own core/common library.
51            -->
52            <meta-data
52-->[com.google.firebase:firebase-common:19.5.0] AndroidManifest.xml:43:13-45:85
53                android:name="com.google.firebase.components:com.google.firebase.dynamicloading.DynamicLoadingRegistrar"
53-->[com.google.firebase:firebase-common:19.5.0] AndroidManifest.xml:44:17-121
54                android:value="com.google.firebase.components.ComponentRegistrar" />
54-->[com.google.firebase:firebase-common:19.5.0] AndroidManifest.xml:45:17-82
55        </service>
56
57        <provider
57-->[com.google.firebase:firebase-common:19.5.0] AndroidManifest.xml:26:9-31:39
58            android:name="com.google.firebase.provider.FirebaseInitProvider"
58-->[com.google.firebase:firebase-common:19.5.0] AndroidManifest.xml:27:13-77
59            android:authorities="com.atv6.firebaseinitprovider"
59-->[com.google.firebase:firebase-common:19.5.0] AndroidManifest.xml:28:13-72
60            android:directBootAware="true"
60-->[com.google.firebase:firebase-common:19.5.0] AndroidManifest.xml:29:13-43
61            android:exported="false"
61-->[com.google.firebase:firebase-common:19.5.0] AndroidManifest.xml:30:13-37
62            android:initOrder="100" />
62-->[com.google.firebase:firebase-common:19.5.0] AndroidManifest.xml:31:13-36
63
64        <activity
64-->[com.google.android.gms:play-services-auth:19.0.0] AndroidManifest.xml:23:9-27:75
65            android:name="com.google.android.gms.auth.api.signin.internal.SignInHubActivity"
65-->[com.google.android.gms:play-services-auth:19.0.0] AndroidManifest.xml:24:13-93
66            android:excludeFromRecents="true"
66-->[com.google.android.gms:play-services-auth:19.0.0] AndroidManifest.xml:25:13-46
67            android:exported="false"
67-->[com.google.android.gms:play-services-auth:19.0.0] AndroidManifest.xml:26:13-37
68            android:theme="@android:style/Theme.Translucent.NoTitleBar" />
68-->[com.google.android.gms:play-services-auth:19.0.0] AndroidManifest.xml:27:13-72
69        <!--
70            Service handling Google Sign-In user revocation. For apps that do not integrate with
71            Google Sign-In, this service will never be started.
72        -->
73        <service
73-->[com.google.android.gms:play-services-auth:19.0.0] AndroidManifest.xml:33:9-37:51
74            android:name="com.google.android.gms.auth.api.signin.RevocationBoundService"
74-->[com.google.android.gms:play-services-auth:19.0.0] AndroidManifest.xml:34:13-89
75            android:exported="true"
75-->[com.google.android.gms:play-services-auth:19.0.0] AndroidManifest.xml:35:13-36
76            android:permission="com.google.android.gms.auth.api.signin.permission.REVOCATION_NOTIFICATION"
76-->[com.google.android.gms:play-services-auth:19.0.0] AndroidManifest.xml:36:13-107
77            android:visibleToInstantApps="true" />
77-->[com.google.android.gms:play-services-auth:19.0.0] AndroidManifest.xml:37:13-48
78
79        <activity
79-->[com.google.android.gms:play-services-base:17.1.0] AndroidManifest.xml:23:9-26:75
80            android:name="com.google.android.gms.common.api.GoogleApiActivity"
80-->[com.google.android.gms:play-services-base:17.1.0] AndroidManifest.xml:24:13-79
81            android:exported="false"
81-->[com.google.android.gms:play-services-base:17.1.0] AndroidManifest.xml:25:13-37
82            android:theme="@android:style/Theme.Translucent.NoTitleBar" />
82-->[com.google.android.gms:play-services-base:17.1.0] AndroidManifest.xml:26:13-72
83
84        <meta-data
84-->[com.google.android.gms:play-services-basement:17.1.1] AndroidManifest.xml:23:9-25:69
85            android:name="com.google.android.gms.version"
85-->[com.google.android.gms:play-services-basement:17.1.1] AndroidManifest.xml:24:13-58
86            android:value="@integer/google_play_services_version" />
86-->[com.google.android.gms:play-services-basement:17.1.1] AndroidManifest.xml:25:13-66
87    </application>
88
89</manifest>